<?xml version="1.0" encoding="UTF-8"?>
<testsuite name="org.springframework.cloud.contract.verifier.tests.ContractVerifierTest" time="0.389" tests="2" errors="1" skipped="0" failures="0">
  <properties>
    <property name="java.runtime.name" value="Java(TM) SE Runtime Environment"/>
    <property name="sun.boot.library.path" value="/Library/Java/JavaVirtualMachines/jdk1.8.0_102.jdk/Contents/Home/jre/lib"/>
    <property name="java.vm.version" value="25.102-b14"/>
    <property name="user.country.format" value="GB"/>
    <property name="gopherProxySet" value="false"/>
    <property name="java.vm.vendor" value="Oracle Corporation"/>
    <property name="maven.multiModuleProjectDirectory" value="/Users/sivpraka/Documents/VirtualMachines.localized/E/workspace/kingfisher/sts/test1/microservices/microservice1"/>
    <property name="java.vendor.url" value="http://java.oracle.com/"/>
    <property name="path.separator" value=":"/>
    <property name="guice.disable.misplaced.annotation.check" value="true"/>
    <property name="java.vm.name" value="Java HotSpot(TM) 64-Bit Server VM"/>
    <property name="file.encoding.pkg" value="sun.io"/>
    <property name="user.country" value="US"/>
    <property name="sun.java.launcher" value="SUN_STANDARD"/>
    <property name="sun.os.patch.level" value="unknown"/>
    <property name="java.vm.specification.name" value="Java Virtual Machine Specification"/>
    <property name="user.dir" value="/Users/sivpraka/Documents/VirtualMachines.localized/E/workspace/kingfisher/sts/test1/microservices/microservice1"/>
    <property name="java.runtime.version" value="1.8.0_102-b14"/>
    <property name="java.awt.graphicsenv" value="sun.awt.CGraphicsEnvironment"/>
    <property name="java.endorsed.dirs" value="/Library/Java/JavaVirtualMachines/jdk1.8.0_102.jdk/Contents/Home/jre/lib/endorsed"/>
    <property name="os.arch" value="x86_64"/>
    <property name="java.io.tmpdir" value="/var/folders/5l/ztfk_7q90tvbdmp87b7w2n600000gn/T/"/>
    <property name="line.separator" value="&#10;"/>
    <property name="java.vm.specification.vendor" value="Oracle Corporation"/>
    <property name="os.name" value="Mac OS X"/>
    <property name="classworlds.conf" value="/Users/sivpraka/Documents/VirtualMachines.localized/E/workspace/kingfisher/sts/test1/.metadata/.plugins/org.eclipse.m2e.launching/launches/m2conf2866040602266957214.tmp"/>
    <property name="sun.jnu.encoding" value="UTF-8"/>
    <property name="java.library.path" value="/Users/sivpraka/Library/Java/Extensions:/Library/Java/Extensions:/Network/Library/Java/Extensions:/System/Library/Java/Extensions:/usr/lib/java:."/>
    <property name="java.specification.name" value="Java Platform API Specification"/>
    <property name="java.class.version" value="52.0"/>
    <property name="sun.management.compiler" value="HotSpot 64-Bit Tiered Compilers"/>
    <property name="os.version" value="10.11.6"/>
    <property name="http.nonProxyHosts" value="local|*.local|169.254/16|*.169.254/16"/>
    <property name="user.home" value="/Users/sivpraka"/>
    <property name="user.timezone" value="Asia/Kolkata"/>
    <property name="java.awt.printerjob" value="sun.lwawt.macosx.CPrinterJob"/>
    <property name="java.specification.version" value="1.8"/>
    <property name="file.encoding" value="UTF-8"/>
    <property name="user.name" value="sivpraka"/>
    <property name="java.class.path" value="/Users/sivpraka/software/sts-bundle/STS.app/Contents/Eclipse/plugins/org.eclipse.m2e.maven.runtime_1.7.0.20160603-1931/jars/plexus-classworlds-2.5.2.jar"/>
    <property name="java.vm.specification.version" value="1.8"/>
    <property name="sun.arch.data.model" value="64"/>
    <property name="java.home" value="/Library/Java/JavaVirtualMachines/jdk1.8.0_102.jdk/Contents/Home/jre"/>
    <property name="sun.java.command" value="org.codehaus.plexus.classworlds.launcher.Launcher -B install"/>
    <property name="java.specification.vendor" value="Oracle Corporation"/>
    <property name="user.language" value="en"/>
    <property name="awt.toolkit" value="sun.lwawt.macosx.LWCToolkit"/>
    <property name="java.vm.info" value="mixed mode"/>
    <property name="java.version" value="1.8.0_102"/>
    <property name="java.ext.dirs" value="/Users/sivpraka/Library/Java/Extensions:/Library/Java/JavaVirtualMachines/jdk1.8.0_102.jdk/Contents/Home/jre/lib/ext:/Library/Java/Extensions:/Network/Library/Java/Extensions:/System/Library/Java/Extensions:/usr/lib/java"/>
    <property name="sun.boot.class.path" value="/Library/Java/JavaVirtualMachines/jdk1.8.0_102.jdk/Contents/Home/jre/lib/resources.jar:/Library/Java/JavaVirtualMachines/jdk1.8.0_102.jdk/Contents/Home/jre/lib/rt.jar:/Library/Java/JavaVirtualMachines/jdk1.8.0_102.jdk/Contents/Home/jre/lib/sunrsasign.jar:/Library/Java/JavaVirtualMachines/jdk1.8.0_102.jdk/Contents/Home/jre/lib/jsse.jar:/Library/Java/JavaVirtualMachines/jdk1.8.0_102.jdk/Contents/Home/jre/lib/jce.jar:/Library/Java/JavaVirtualMachines/jdk1.8.0_102.jdk/Contents/Home/jre/lib/charsets.jar:/Library/Java/JavaVirtualMachines/jdk1.8.0_102.jdk/Contents/Home/jre/lib/jfr.jar:/Library/Java/JavaVirtualMachines/jdk1.8.0_102.jdk/Contents/Home/jre/classes"/>
    <property name="java.vendor" value="Oracle Corporation"/>
    <property name="maven.home" value="/Users/sivpraka/Documents/VirtualMachines.localized/E/workspace/kingfisher/sts/test1/microservices/microservice1/EMBEDDED"/>
    <property name="file.separator" value="/"/>
    <property name="java.vendor.url.bug" value="http://bugreport.sun.com/bugreport/"/>
    <property name="sun.cpu.endian" value="little"/>
    <property name="sun.io.unicode.encoding" value="UnicodeBig"/>
    <property name="socksNonProxyHosts" value="local|*.local|169.254/16|*.169.254/16"/>
    <property name="ftp.nonProxyHosts" value="local|*.local|169.254/16|*.169.254/16"/>
    <property name="sun.cpu.isalist" value=""/>
  </properties>
  <testcase name="validate_shouldMarkClientAsSuccess" classname="org.springframework.cloud.contract.verifier.tests.ContractVerifierTest" time="0.387">
    <error message="Request processing failed; nested exception is java.lang.NullPointerException" type="org.springframework.web.util.NestedServletException">org.springframework.web.util.NestedServletException: Request processing failed; nested exception is java.lang.NullPointerException
	at com.microservice1.controller.Microservice1Controller.getContentDetails(Microservice1Controller.java:41)
	at sun.reflect.NativeMethodAccessorImpl.invoke0(Native Method)
	at sun.reflect.NativeMethodAccessorImpl.invoke(NativeMethodAccessorImpl.java:62)
	at sun.reflect.DelegatingMethodAccessorImpl.invoke(DelegatingMethodAccessorImpl.java:43)
	at java.lang.reflect.Method.invoke(Method.java:498)
	at org.springframework.web.method.support.InvocableHandlerMethod.doInvoke(InvocableHandlerMethod.java:220)
	at org.springframework.web.method.support.InvocableHandlerMethod.invokeForRequest(InvocableHandlerMethod.java:134)
	at org.springframework.web.servlet.mvc.method.annotation.ServletInvocableHandlerMethod.invokeAndHandle(ServletInvocableHandlerMethod.java:116)
	at org.springframework.web.servlet.mvc.method.annotation.RequestMappingHandlerAdapter.invokeHandlerMethod(RequestMappingHandlerAdapter.java:827)
	at org.springframework.web.servlet.mvc.method.annotation.RequestMappingHandlerAdapter.handleInternal(RequestMappingHandlerAdapter.java:738)
	at org.springframework.web.servlet.mvc.method.AbstractHandlerMethodAdapter.handle(AbstractHandlerMethodAdapter.java:85)
	at org.springframework.web.servlet.DispatcherServlet.doDispatch(DispatcherServlet.java:963)
	at org.springframework.web.servlet.DispatcherServlet.doService(DispatcherServlet.java:897)
	at org.springframework.web.servlet.FrameworkServlet.processRequest(FrameworkServlet.java:970)
	at org.springframework.web.servlet.FrameworkServlet.doGet(FrameworkServlet.java:861)
	at javax.servlet.http.HttpServlet.service(HttpServlet.java:622)
	at org.springframework.web.servlet.FrameworkServlet.service(FrameworkServlet.java:846)
	at org.springframework.test.web.servlet.TestDispatcherServlet.service(TestDispatcherServlet.java:65)
	at javax.servlet.http.HttpServlet.service(HttpServlet.java:729)
	at org.springframework.mock.web.MockFilterChain$ServletFilterProxy.doFilter(MockFilterChain.java:167)
	at org.springframework.mock.web.MockFilterChain.doFilter(MockFilterChain.java:134)
	at org.springframework.test.web.servlet.MockMvc.perform(MockMvc.java:155)
	at com.jayway.restassured.module.mockmvc.internal.MockMvcRequestSenderImpl.performRequest(MockMvcRequestSenderImpl.java:174)
	at com.jayway.restassured.module.mockmvc.internal.MockMvcRequestSenderImpl.sendRequest(MockMvcRequestSenderImpl.java:404)
	at com.jayway.restassured.module.mockmvc.internal.MockMvcRequestSenderImpl.get(MockMvcRequestSenderImpl.java:582)
	at com.jayway.restassured.module.mockmvc.internal.MockMvcRequestSenderImpl.get(MockMvcRequestSenderImpl.java:79)
	at com.jayway.restassured.module.mockmvc.internal.MockMvcRequestSpecificationImpl.get(MockMvcRequestSpecificationImpl.java:744)
	at com.jayway.restassured.module.mockmvc.internal.MockMvcRequestSpecificationImpl.get(MockMvcRequestSpecificationImpl.java:66)
	at org.springframework.cloud.contract.verifier.tests.ContractVerifierTest.validate_shouldMarkClientAsSuccess(ContractVerifierTest.java:23)
</error>
    <system-out><![CDATA[2016-12-22 18:28:10.742  INFO 53302 --- [           main] .b.t.c.SpringBootTestContextBootstrapper : Neither @ContextConfiguration nor @ContextHierarchy found for test class [org.springframework.cloud.contract.verifier.tests.ContractVerifierTest], using SpringBootContextLoader
2016-12-22 18:28:10.762  INFO 53302 --- [           main] o.s.t.c.support.AbstractContextLoader    : Could not detect default resource locations for test class [org.springframework.cloud.contract.verifier.tests.ContractVerifierTest]: no resource found for suffixes {-context.xml, Context.groovy}.
2016-12-22 18:28:10.772  INFO 53302 --- [           main] .b.t.c.SpringBootTestContextBootstrapper : Loaded default TestExecutionListener class names from location [META-INF/spring.factories]: [org.springframework.boot.test.mock.mockito.MockitoTestExecutionListener, org.springframework.boot.test.mock.mockito.ResetMocksTestExecutionListener, org.springframework.boot.test.autoconfigure.restdocs.RestDocsTestExecutionListener, org.springframework.boot.test.autoconfigure.web.client.MockRestServiceServerResetTestExecutionListener, org.springframework.boot.test.autoconfigure.web.servlet.MockMvcPrintOnlyOnFailureTestExecutionListener, org.springframework.boot.test.autoconfigure.web.servlet.WebDriverTestExecutionListener, org.springframework.test.context.web.ServletTestExecutionListener, org.springframework.test.context.support.DirtiesContextBeforeModesTestExecutionListener, org.springframework.test.context.support.DependencyInjectionTestExecutionListener, org.springframework.test.context.support.DirtiesContextTestExecutionListener, org.springframework.test.context.transaction.TransactionalTestExecutionListener, org.springframework.test.context.jdbc.SqlScriptsTestExecutionListener]
2016-12-22 18:28:10.777  INFO 53302 --- [           main] .b.t.c.SpringBootTestContextBootstrapper : Could not instantiate TestExecutionListener [org.springframework.test.context.jdbc.SqlScriptsTestExecutionListener]. Specify custom listener classes or make the default listener classes (and their required dependencies) available. Offending class: [org/springframework/transaction/interceptor/TransactionAttribute]
2016-12-22 18:28:10.780  INFO 53302 --- [           main] .b.t.c.SpringBootTestContextBootstrapper : Could not instantiate TestExecutionListener [org.springframework.test.context.transaction.TransactionalTestExecutionListener]. Specify custom listener classes or make the default listener classes (and their required dependencies) available. Offending class: [org/springframework/transaction/interceptor/TransactionAttributeSource]
2016-12-22 18:28:10.784  INFO 53302 --- [           main] .b.t.c.SpringBootTestContextBootstrapper : Using TestExecutionListeners: [org.springframework.test.context.web.ServletTestExecutionListener@71f1cc02, org.springframework.test.context.support.DirtiesContextBeforeModesTestExecutionListener@5f14761c, org.springframework.boot.test.autoconfigure.SpringBootDependencyInjectionTestExecutionListener@33feb805, org.springframework.test.context.support.DirtiesContextTestExecutionListener@37854b34, org.springframework.boot.test.autoconfigure.web.servlet.MockMvcPrintOnlyOnFailureTestExecutionListener@48eb001a, org.springframework.boot.test.autoconfigure.restdocs.RestDocsTestExecutionListener@34332b8d, org.springframework.boot.test.autoconfigure.web.servlet.WebDriverTestExecutionListener@724b939e, org.springframework.boot.test.mock.mockito.MockitoTestExecutionListener@6f8aba08, org.springframework.boot.test.autoconfigure.web.client.MockRestServiceServerResetTestExecutionListener@7ff19c33, org.springframework.boot.test.mock.mockito.ResetMocksTestExecutionListener@52b3bf03]
2016-12-22 18:28:11.044  INFO 53302 --- [           main] ilder$StaticRequestMappingHandlerMapping : Mapped "{[/contentMetadata/content],produces=[application/json;charset=UTF-8]}" onto public org.springframework.http.ResponseEntity<com.microservice1.model.ContentMetadata> com.microservice1.controller.Microservice1Controller.getContentDetails(java.lang.String)
2016-12-22 18:28:11.044  INFO 53302 --- [           main] ilder$StaticRequestMappingHandlerMapping : Mapped "{[/contentMetadata/group]}" onto public org.springframework.http.ResponseEntity<com.microservice1.model.ContentMetadata> com.microservice1.controller.Microservice1Controller.getGroupDetails(java.lang.String)
2016-12-22 18:28:11.057  INFO 53302 --- [           main] s.w.s.m.m.a.RequestMappingHandlerAdapter : Looking for @ControllerAdvice: org.springframework.test.web.servlet.setup.StubWebApplicationContext@abbe000
2016-12-22 18:28:11.062 DEBUG 53302 --- [           main] .m.m.a.ExceptionHandlerExceptionResolver : Looking for exception mappings: org.springframework.test.web.servlet.setup.StubWebApplicationContext@abbe000
2016-12-22 18:28:11.067 DEBUG 53302 --- [           main] o.s.w.c.s.StandardServletEnvironment     : Adding [servletConfigInitParams] PropertySource with lowest search precedence
2016-12-22 18:28:11.067 DEBUG 53302 --- [           main] o.s.w.c.s.StandardServletEnvironment     : Adding [servletContextInitParams] PropertySource with lowest search precedence
2016-12-22 18:28:11.067 DEBUG 53302 --- [           main] o.s.w.c.s.StandardServletEnvironment     : Adding [systemProperties] PropertySource with lowest search precedence
2016-12-22 18:28:11.067 DEBUG 53302 --- [           main] o.s.w.c.s.StandardServletEnvironment     : Adding [systemEnvironment] PropertySource with lowest search precedence
2016-12-22 18:28:11.067 DEBUG 53302 --- [           main] o.s.w.c.s.StandardServletEnvironment     : Initialized StandardServletEnvironment with PropertySources [servletConfigInitParams,servletContextInitParams,systemProperties,systemEnvironment]
2016-12-22 18:28:11.068  INFO 53302 --- [           main] o.s.mock.web.MockServletContext          : Initializing Spring FrameworkServlet ''
2016-12-22 18:28:11.068  INFO 53302 --- [           main] o.s.t.web.servlet.TestDispatcherServlet  : FrameworkServlet '': initialization started
2016-12-22 18:28:11.068  INFO 53302 --- [           main] o.s.t.web.servlet.TestDispatcherServlet  : FrameworkServlet '': initialization completed in 0 ms
2016-12-22 18:28:11.158 DEBUG 53302 --- [           main] .m.m.a.ExceptionHandlerExceptionResolver : Resolving exception from handler [public org.springframework.http.ResponseEntity<com.microservice1.model.ContentMetadata> com.microservice1.controller.Microservice1Controller.getContentDetails(java.lang.String)]: java.lang.NullPointerException
2016-12-22 18:28:11.160 DEBUG 53302 --- [           main] .w.s.m.a.ResponseStatusExceptionResolver : Resolving exception from handler [public org.springframework.http.ResponseEntity<com.microservice1.model.ContentMetadata> com.microservice1.controller.Microservice1Controller.getContentDetails(java.lang.String)]: java.lang.NullPointerException
2016-12-22 18:28:11.160 DEBUG 53302 --- [           main] .w.s.m.s.DefaultHandlerExceptionResolver : Resolving exception from handler [public org.springframework.http.ResponseEntity<com.microservice1.model.ContentMetadata> com.microservice1.controller.Microservice1Controller.getContentDetails(java.lang.String)]: java.lang.NullPointerException
]]></system-out>
  </testcase>
  <testcase name="contextLoads" classname="org.springframework.cloud.contract.verifier.tests.ContractVerifierTest" time="0.002"/>
</testsuite>